info it worked if it ends with ok
verbose cli [ '/home/cloud9/c9/support/node-c9-builds-v4/node-c9-sunos',
verbose cli   '/home/ide_ricklon/workspaces/npm/bin/npm.js',
verbose cli   'install',
verbose cli   'jsdom' ]
info using npm@1.0.1rc6
info using node@v0.4.5
verbose config file /home/cloud9/.npmrc
verbose config file /home/cloud9/c9/support/etc/npmrc
info into /mnt/ws/users/ricklon/91725 [ 'jsdom' ]
verbose cache add [ 'jsdom', null ]
info addNamed [ 'jsdom', '' ]
verbose addNamed [ null, '' ]
verbose GET jsdom
verbose raw, before any munging jsdom
verbose url resolving [ 'http://registry.npmjs.org/', './jsdom' ]
verbose url resolved http://registry.npmjs.org/jsdom
verbose url parsed { protocol: 'http:',
verbose url parsed   slashes: true,
verbose url parsed   host: 'registry.npmjs.org',
verbose url parsed   hostname: 'registry.npmjs.org',
verbose url parsed   pathname: '/jsdom',
verbose url parsed   href: 'http://registry.npmjs.org/jsdom' }
verbose etag "1UTP980R33H0CRQB6PJ8RYPVL"
verbose response http://registry.npmjs.org/jsdom
silly get cb [ 304,
silly get cb   { server: 'CouchDB/1.1.0 (Erlang OTP/R14B03)',
silly get cb     etag: '"1UTP980R33H0CRQB6PJ8RYPVL"',
silly get cb     date: 'Sat, 22 Oct 2011 18:20:20 GMT',
silly get cb     'content-length': '0' } ]
verbose etag jsdom from cache
verbose GET jsdom/0.2.8
verbose raw, before any munging jsdom/0.2.8
verbose url resolving [ 'http://registry.npmjs.org/', './jsdom/0.2.8' ]
verbose url resolved http://registry.npmjs.org/jsdom/0.2.8
verbose url parsed { protocol: 'http:',
verbose url parsed   slashes: true,
verbose url parsed   host: 'registry.npmjs.org',
verbose url parsed   hostname: 'registry.npmjs.org',
verbose url parsed   pathname: '/jsdom/0.2.8',
verbose url parsed   href: 'http://registry.npmjs.org/jsdom/0.2.8' }
verbose etag "1UTP980R33H0CRQB6PJ8RYPVL"
verbose response http://registry.npmjs.org/jsdom/0.2.8
silly get cb [ 304,
silly get cb   { server: 'CouchDB/1.1.0 (Erlang OTP/R14B03)',
silly get cb     etag: '"1UTP980R33H0CRQB6PJ8RYPVL"',
silly get cb     date: 'Sat, 22 Oct 2011 18:20:20 GMT',
silly get cb     'content-length': '0' } ]
verbose etag jsdom/0.2.8 from cache
verbose bin dist [ '0.4-sunos-5.11',
verbose bin dist   { shasum: '76d9627fe0567f8a9c125d3c88ff476a2f71152c',
verbose bin dist     tarball: 'http://registry.npmjs.org/jsdom/-/jsdom-0.2.8.tgz' } ]
silly resolved [ { name: 'jsdom',
silly resolved     version: '0.2.8',
silly resolved     description: 'A javascript implementation of the W3C DOM',
silly resolved     keywords: [ 'dom', 'w3c', 'javascript' ],
silly resolved     maintainers: [ { name: 'tmpvar', email: 'tmpvar@gmail.com' } ],
silly resolved     contributors: 
silly resolved      [ { name: 'Vincent Greene',
silly resolved          email: 'ulteriorlife@gmail.com' },
silly resolved        { name: 'Dav Glass', email: 'davglass@gmail.com' },
silly resolved        { name: 'Felix Gnass', email: 'fgnass@gmail.com' },
silly resolved        { name: 'Charlie Robbins',
silly resolved          email: 'charlie.robbins@gmail.com' },
silly resolved        { name: 'Aria Stewart', email: 'aredridel@nbtsc.org' },
silly resolved        { name: 'Matthew',
silly resolved          email: 'N.A.',
silly resolved          url: 'http://github.com/matthewpflueger/' },
silly resolved        { name: 'Olivier El Mekki',
silly resolved          email: 'unknown',
silly resolved          url: 'http://blog.olivier-elmekki.com/' },
silly resolved        { name: 'Shimon Dookdin',
silly resolved          email: 'helpmepro1@gmail.com' },
silly resolved        { name: 'Daniel Cassidy',
silly resolved          email: 'mail@danielcassidy.me.uk',
silly resolved          url: 'http://www.danielcassidy.me.uk/' },
silly resolved        { name: 'Sam Ruby',
silly resolved          email: 'N/A',
silly resolved          url: 'http://intertwingly.net/blog/' },
silly resolved        { name: 'hij1nx', url: 'http://github.com/hij1nx' },
silly resolved        { name: 'Daniel Cassidy',
silly resolved          email: 'mail@danielcassidy.me.uk' },
silly resolved        { name: 'Yonathan Randolph',
silly resolved          url: 'http://github.com/yonran' },
silly resolved        { name: 'Martin Davis',
silly resolved          url: 'http://github.com/waslogic' },
silly resolved        { name: 'Andreas Lind Petersen',
silly resolved          email: 'andreas@one.com' },
silly resolved        { name: 'd-ash', url: 'http://github.com/d-ash' },
silly resolved        { name: 'Robin Zhong', email: 'fbzhong@gmail.com' },
silly resolved        { name: 'Alexander Flatter',
silly resolved          email: 'flatter@gmail.com' },
silly resolved        { name: 'Heng Liu', email: 'liucougar@gmail.com' },
silly resolved        { name: 'Brian McDaniel',
silly resolved          url: 'http://github.com/brianmcd' },
silly resolved        { name: 'John Hurliman',
silly resolved          email: 'jhurliman@jhurliman.org' },
silly resolved        { name: 'Jimmy Mabey' },
silly resolved        { name: 'Gregory Tomlinson' },
silly resolved        { name: 'Jason Davies',
silly resolved          url: 'http://www.jasondavies.com/' },
silly resolved        { name: 'Josh Marshall',
silly resolved          url: 'http://www.ponderingtheobvious.com/' },
silly resolved        { name: 'Jason Priestley',
silly resolved          url: 'https://github.com/jhp' },
silly resolved        { name: 'Derek Lindahl',
silly resolved          url: 'https://github.com/dlindahl' } ],
silly resolved     bugs: 
silly resolved      { email: 'tmpvar@gmail.com',
silly resolved        url: 'http://github.com/tmpvar/jsdom/issues' },
silly resolved     licenses: 
silly resolved      [ { type: 'MIT',
silly resolved          url: 'http://github.com/tmpvar/jsdom/blob/master/LICENSE.txt' } ],
silly resolved     repositories: 
silly resolved      [ { type: 'git',
silly resolved          url: 'http://github.com/tmpvar/jsdom.git' } ],
silly resolved     implements: [ 'http://www.w3.org/TR/REC-DOM-Level-1' ],
silly resolved     dependencies: 
silly resolved      { htmlparser: '>=1.7.0',
silly resolved        request: '>=1.0.0',
silly resolved        cssom: '>=0.2.0',
silly resolved        contextify: '>=0.0.3' },
silly resolved     devDependencies: 
silly resolved      { nodeunit: '>=0.5.x',
silly resolved        'console.log': '*',
silly resolved        optimist: '*' },
silly resolved     engines: { node: '>=0.1.9' },
silly resolved     directories: { lib: './lib/jsdom' },
silly resolved     main: './lib/jsdom',
silly resolved     _npmJsonOpts: 
silly resolved      { file: '/Users/tmpvar/.npm/jsdom/0.2.8/package/package.json',
silly resolved        wscript: false,
silly resolved        contributors: false,
silly resolved        serverjs: false },
silly resolved     _id: 'jsdom@0.2.8',
silly resolved     _engineSupported: true,
silly resolved     _npmVersion: '1.0.15',
silly resolved     _nodeVersion: 'v0.4.13-pre',
silly resolved     _defaultsLoaded: true,
silly resolved     dist: 
silly resolved      { shasum: '76d9627fe0567f8a9c125d3c88ff476a2f71152c',
silly resolved        tarball: 'http://registry.npmjs.org/jsdom/-/jsdom-0.2.8.tgz' },
silly resolved     scripts: {} } ]
info (resolved) into /mnt/ws/users/ricklon/91725 [ 'jsdom@0.2.8' ]
info installOne jsdom@0.2.8
silly testEngine { name: 'jsdom',
silly testEngine   version: '0.2.8',
silly testEngine   description: 'A javascript implementation of the W3C DOM',
silly testEngine   keywords: [ 'dom', 'w3c', 'javascript' ],
silly testEngine   maintainers: 
silly testEngine    [ { name: 'Elijah Insua',
silly testEngine        email: 'tmpvar@gmail.com',
silly testEngine        url: 'http://tmpvar.com' } ],
silly testEngine   contributors: 
silly testEngine    [ { name: 'Vincent Greene',
silly testEngine        email: 'ulteriorlife@gmail.com' },
silly testEngine      { name: 'Dav Glass', email: 'davglass@gmail.com' },
silly testEngine      { name: 'Felix Gnass', email: 'fgnass@gmail.com' },
silly testEngine      { name: 'Charlie Robbins',
silly testEngine        email: 'charlie.robbins@gmail.com' },
silly testEngine      { name: 'Aria Stewart', email: 'aredridel@nbtsc.org' },
silly testEngine      { name: 'Matthew',
silly testEngine        email: 'N.A.',
silly testEngine        url: 'http://github.com/matthewpflueger/' },
silly testEngine      { name: 'Olivier El Mekki',
silly testEngine        email: 'unknown',
silly testEngine        url: 'http://blog.olivier-elmekki.com/' },
silly testEngine      { name: 'Shimon Dookdin',
silly testEngine        email: 'helpmepro1@gmail.com' },
silly testEngine      { name: 'Daniel Cassidy',
silly testEngine        email: 'mail@danielcassidy.me.uk',
silly testEngine        url: 'http://www.danielcassidy.me.uk/' },
silly testEngine      { name: 'Sam Ruby',
silly testEngine        email: 'N/A',
silly testEngine        url: 'http://intertwingly.net/blog/' },
silly testEngine      { name: 'hij1nx', url: 'http://github.com/hij1nx' },
silly testEngine      { name: 'Daniel Cassidy',
silly testEngine        email: 'mail@danielcassidy.me.uk' },
silly testEngine      { name: 'Yonathan Randolph',
silly testEngine        url: 'http://github.com/yonran' },
silly testEngine      { name: 'Martin Davis',
silly testEngine        url: 'http://github.com/waslogic' },
silly testEngine      { name: 'Andreas Lind Petersen',
silly testEngine        email: 'andreas@one.com' },
silly testEngine      { name: 'd-ash', url: 'http://github.com/d-ash' },
silly testEngine      { name: 'Robin Zhong', email: 'fbzhong@gmail.com' },
silly testEngine      { name: 'Alexander Flatter',
silly testEngine        email: 'flatter@gmail.com' },
silly testEngine      { name: 'Heng Liu', email: 'liucougar@gmail.com' },
silly testEngine      { name: 'Brian McDaniel',
silly testEngine        url: 'http://github.com/brianmcd' },
silly testEngine      { name: 'John Hurliman',
silly testEngine        email: 'jhurliman@jhurliman.org' },
silly testEngine      { name: 'Jimmy Mabey' },
silly testEngine      { name: 'Gregory Tomlinson' },
silly testEngine      { name: 'Jason Davies',
silly testEngine        url: 'http://www.jasondavies.com/' },
silly testEngine      { name: 'Josh Marshall',
silly testEngine        url: 'http://www.ponderingtheobvious.com/' },
silly testEngine      { name: 'Jason Priestley',
silly testEngine        url: 'https://github.com/jhp' },
silly testEngine      { name: 'Derek Lindahl',
silly testEngine        url: 'https://github.com/dlindahl' } ],
silly testEngine   bugs: 
silly testEngine    { email: 'tmpvar@gmail.com',
silly testEngine      url: 'http://github.com/tmpvar/jsdom/issues' },
silly testEngine   licenses: 
silly testEngine    [ { type: 'MIT',
silly testEngine        url: 'http://github.com/tmpvar/jsdom/blob/master/LICENSE.txt' } ],
silly testEngine   repositories: 
silly testEngine    [ { type: 'git',
silly testEngine        url: 'http://github.com/tmpvar/jsdom.git' } ],
silly testEngine   implements: [ 'http://www.w3.org/TR/REC-DOM-Level-1' ],
silly testEngine   dependencies: 
silly testEngine    { htmlparser: '>=1.7.0',
silly testEngine      request: '>=1.0.0',
silly testEngine      cssom: '>=0.2.0',
silly testEngine      contextify: '>=0.0.3' },
silly testEngine   devDependencies: 
silly testEngine    { nodeunit: '>=0.5.x',
silly testEngine      'console.log': '*',
silly testEngine      optimist: '*' },
silly testEngine   engines: { node: '>=0.1.9' },
silly testEngine   directories: { lib: './lib/jsdom' },
silly testEngine   main: './lib/jsdom',
silly testEngine   _id: 'jsdom@0.2.8',
silly testEngine   _engineSupported: true,
silly testEngine   _npmVersion: '1.0.1rc6',
silly testEngine   _nodeVersion: 'v0.4.5',
silly testEngine   _defaultsLoaded: true,
silly testEngine   dist: { shasum: '54a2e62e75e6dbf7cd897ae02f068baf6b2104c6' } }
verbose caching /home/ide_ricklon/workspaces/npm_cache/jsdom/0.2.8/package.json
verbose mkdir done: /mnt/ws/users/ricklon/91725/node_modules/___jsdom.npm
verbose unpack_ uid, gid [ undefined, undefined ]
verbose unpackTarget /mnt/ws/users/ricklon/91725/node_modules/jsdom
verbose success gzip "--decompress" "--stdout" "/home/ide_ricklon/workspaces/npm_cache/jsdom/0.2.8/package.tgz"
verbose success /opt/local/bin/gtar "-mvxpf" "-" "--no-same-owner" "-C" "/mnt/ws/users/ricklon/91725/node_modules/___jsdom.npm"
verbose gunzed /mnt/ws/users/ricklon/91725/node_modules/___jsdom.npm/package
verbose rm'ed /mnt/ws/users/ricklon/91725/node_modules/jsdom
verbose renamed [ '/mnt/ws/users/ricklon/91725/node_modules/___jsdom.npm/package',
verbose renamed   '/mnt/ws/users/ricklon/91725/node_modules/jsdom' ]
verbose rm'ed /mnt/ws/users/ricklon/91725/node_modules/___jsdom.npm
silly testEngine { name: 'jsdom',
silly testEngine   version: '0.2.8',
silly testEngine   description: 'A javascript implementation of the W3C DOM',
silly testEngine   keywords: [ 'dom', 'w3c', 'javascript' ],
silly testEngine   maintainers: 
silly testEngine    [ { name: 'Elijah Insua',
silly testEngine        email: 'tmpvar@gmail.com',
silly testEngine        url: 'http://tmpvar.com' } ],
silly testEngine   contributors: 
silly testEngine    [ { name: 'Vincent Greene',
silly testEngine        email: 'ulteriorlife@gmail.com' },
silly testEngine      { name: 'Dav Glass', email: 'davglass@gmail.com' },
silly testEngine      { name: 'Felix Gnass', email: 'fgnass@gmail.com' },
silly testEngine      { name: 'Charlie Robbins',
silly testEngine        email: 'charlie.robbins@gmail.com' },
silly testEngine      { name: 'Aria Stewart', email: 'aredridel@nbtsc.org' },
silly testEngine      { name: 'Matthew',
silly testEngine        email: 'N.A.',
silly testEngine        url: 'http://github.com/matthewpflueger/' },
silly testEngine      { name: 'Olivier El Mekki',
silly testEngine        email: 'unknown',
silly testEngine        url: 'http://blog.olivier-elmekki.com/' },
silly testEngine      { name: 'Shimon Dookdin',
silly testEngine        email: 'helpmepro1@gmail.com' },
silly testEngine      { name: 'Daniel Cassidy',
silly testEngine        email: 'mail@danielcassidy.me.uk',
silly testEngine        url: 'http://www.danielcassidy.me.uk/' },
silly testEngine      { name: 'Sam Ruby',
silly testEngine        email: 'N/A',
silly testEngine        url: 'http://intertwingly.net/blog/' },
silly testEngine      { name: 'hij1nx', url: 'http://github.com/hij1nx' },
silly testEngine      { name: 'Daniel Cassidy',
silly testEngine        email: 'mail@danielcassidy.me.uk' },
silly testEngine      { name: 'Yonathan Randolph',
silly testEngine        url: 'http://github.com/yonran' },
silly testEngine      { name: 'Martin Davis',
silly testEngine        url: 'http://github.com/waslogic' },
silly testEngine      { name: 'Andreas Lind Petersen',
silly testEngine        email: 'andreas@one.com' },
silly testEngine      { name: 'd-ash', url: 'http://github.com/d-ash' },
silly testEngine      { name: 'Robin Zhong', email: 'fbzhong@gmail.com' },
silly testEngine      { name: 'Alexander Flatter',
silly testEngine        email: 'flatter@gmail.com' },
silly testEngine      { name: 'Heng Liu', email: 'liucougar@gmail.com' },
silly testEngine      { name: 'Brian McDaniel',
silly testEngine        url: 'http://github.com/brianmcd' },
silly testEngine      { name: 'John Hurliman',
silly testEngine        email: 'jhurliman@jhurliman.org' },
silly testEngine      { name: 'Jimmy Mabey' },
silly testEngine      { name: 'Gregory Tomlinson' },
silly testEngine      { name: 'Jason Davies',
silly testEngine        url: 'http://www.jasondavies.com/' },
silly testEngine      { name: 'Josh Marshall',
silly testEngine        url: 'http://www.ponderingtheobvious.com/' },
silly testEngine      { name: 'Jason Priestley',
silly testEngine        url: 'https://github.com/jhp' },
silly testEngine      { name: 'Derek Lindahl',
silly testEngine        url: 'https://github.com/dlindahl' } ],
silly testEngine   bugs: 
silly testEngine    { email: 'tmpvar@gmail.com',
silly testEngine      url: 'http://github.com/tmpvar/jsdom/issues' },
silly testEngine   licenses: 
silly testEngine    [ { type: 'MIT',
silly testEngine        url: 'http://github.com/tmpvar/jsdom/blob/master/LICENSE.txt' } ],
silly testEngine   repositories: 
silly testEngine    [ { type: 'git',
silly testEngine        url: 'http://github.com/tmpvar/jsdom.git' } ],
silly testEngine   implements: [ 'http://www.w3.org/TR/REC-DOM-Level-1' ],
silly testEngine   dependencies: 
silly testEngine    { htmlparser: '>=1.7.0',
silly testEngine      request: '>=1.0.0',
silly testEngine      cssom: '>=0.2.0',
silly testEngine      contextify: '>=0.0.3' },
silly testEngine   devDependencies: 
silly testEngine    { nodeunit: '>=0.5.x',
silly testEngine      'console.log': '*',
silly testEngine      optimist: '*' },
silly testEngine   engines: { node: '>=0.1.9' },
silly testEngine   directories: { lib: './lib/jsdom' },
silly testEngine   main: './lib/jsdom',
silly testEngine   _id: 'jsdom@0.2.8',
silly testEngine   _engineSupported: true,
silly testEngine   _npmVersion: '1.0.1rc6',
silly testEngine   _nodeVersion: 'v0.4.5',
silly testEngine   _defaultsLoaded: true }
verbose caching /mnt/ws/users/ricklon/91725/node_modules/jsdom/package.json
verbose loadDefaults jsdom@0.2.8
info into /mnt/ws/users/ricklon/91725/node_modules/jsdom [ 'htmlparser@>=1.7.0',
info into /mnt/ws/users/ricklon/91725/node_modules/jsdom   'request@>=1.0.0',
info into /mnt/ws/users/ricklon/91725/node_modules/jsdom   'cssom@>=0.2.0',
info into /mnt/ws/users/ricklon/91725/node_modules/jsdom   'contextify@>=0.0.3' ]
verbose cache add [ 'request@>=1.0.0', null ]
info addNamed [ 'request', '>=1.0.0' ]
verbose addNamed [ null, '>=1.0.0' ]
verbose cache add [ 'cssom@>=0.2.0', null ]
info addNamed [ 'cssom', '>=0.2.0' ]
verbose addNamed [ null, '>=0.2.0' ]
verbose cache add [ 'contextify@>=0.0.3', null ]
info addNamed [ 'contextify', '>=0.0.3' ]
verbose addNamed [ null, '>=0.0.3' ]
verbose cache add [ 'htmlparser@>=1.7.0', null ]
info addNamed [ 'htmlparser', '>=1.7.0' ]
verbose addNamed [ null, '>=1.7.0' ]
verbose GET request
verbose raw, before any munging request
verbose url resolving [ 'http://registry.npmjs.org/', './request' ]
verbose url resolved http://registry.npmjs.org/request
verbose url parsed { protocol: 'http:',
verbose url parsed   slashes: true,
verbose url parsed   host: 'registry.npmjs.org',
verbose url parsed   hostname: 'registry.npmjs.org',
verbose url parsed   pathname: '/request',
verbose url parsed   href: 'http://registry.npmjs.org/request' }
verbose etag "CESHFLQPUVKYZ1XW6UT3KTXWJ"
verbose GET htmlparser
verbose raw, before any munging htmlparser
verbose url resolving [ 'http://registry.npmjs.org/', './htmlparser' ]
verbose url resolved http://registry.npmjs.org/htmlparser
verbose url parsed { protocol: 'http:',
verbose url parsed   slashes: true,
verbose url parsed   host: 'registry.npmjs.org',
verbose url parsed   hostname: 'registry.npmjs.org',
verbose url parsed   pathname: '/htmlparser',
verbose url parsed   href: 'http://registry.npmjs.org/htmlparser' }
verbose etag "D6IPSG93465GMAPMDJNSC837R"
verbose GET cssom
verbose raw, before any munging cssom
verbose url resolving [ 'http://registry.npmjs.org/', './cssom' ]
verbose url resolved http://registry.npmjs.org/cssom
verbose url parsed { protocol: 'http:',
verbose url parsed   slashes: true,
verbose url parsed   host: 'registry.npmjs.org',
verbose url parsed   hostname: 'registry.npmjs.org',
verbose url parsed   pathname: '/cssom',
verbose url parsed   href: 'http://registry.npmjs.org/cssom' }
verbose etag "48BUOD20CZYWTG9I9PD028ZUC"
verbose GET contextify
verbose raw, before any munging contextify
verbose url resolving [ 'http://registry.npmjs.org/', './contextify' ]
verbose url resolved http://registry.npmjs.org/contextify
verbose url parsed { protocol: 'http:',
verbose url parsed   slashes: true,
verbose url parsed   host: 'registry.npmjs.org',
verbose url parsed   hostname: 'registry.npmjs.org',
verbose url parsed   pathname: '/contextify',
verbose url parsed   href: 'http://registry.npmjs.org/contextify' }
verbose etag "8VQXZMXS50BFUSXTTA86MXDYT"
verbose response http://registry.npmjs.org/request
silly get cb [ 304,
silly get cb   { server: 'CouchDB/1.1.0 (Erlang OTP/R14B03)',
silly get cb     etag: '"CESHFLQPUVKYZ1XW6UT3KTXWJ"',
silly get cb     date: 'Sat, 22 Oct 2011 18:20:22 GMT',
silly get cb     'content-length': '0' } ]
verbose etag request from cache
verbose GET request/2.1.1
verbose raw, before any munging request/2.1.1
verbose url resolving [ 'http://registry.npmjs.org/', './request/2.1.1' ]
verbose url resolved http://registry.npmjs.org/request/2.1.1
verbose url parsed { protocol: 'http:',
verbose url parsed   slashes: true,
verbose url parsed   host: 'registry.npmjs.org',
verbose url parsed   hostname: 'registry.npmjs.org',
verbose url parsed   pathname: '/request/2.1.1',
verbose url parsed   href: 'http://registry.npmjs.org/request/2.1.1' }
verbose etag "CESHFLQPUVKYZ1XW6UT3KTXWJ"
verbose response http://registry.npmjs.org/htmlparser
silly get cb [ 304,
silly get cb   { server: 'CouchDB/1.1.0 (Erlang OTP/R14B03)',
silly get cb     etag: '"D6IPSG93465GMAPMDJNSC837R"',
silly get cb     date: 'Sat, 22 Oct 2011 18:20:22 GMT',
silly get cb     'content-length': '0' } ]
verbose etag htmlparser from cache
verbose GET htmlparser/1.7.3
verbose raw, before any munging htmlparser/1.7.3
verbose url resolving [ 'http://registry.npmjs.org/', './htmlparser/1.7.3' ]
verbose url resolved http://registry.npmjs.org/htmlparser/1.7.3
verbose url parsed { protocol: 'http:',
verbose url parsed   slashes: true,
verbose url parsed   host: 'registry.npmjs.org',
verbose url parsed   hostname: 'registry.npmjs.org',
verbose url parsed   pathname: '/htmlparser/1.7.3',
verbose url parsed   href: 'http://registry.npmjs.org/htmlparser/1.7.3' }
verbose etag "D6IPSG93465GMAPMDJNSC837R"
verbose response http://registry.npmjs.org/cssom
silly get cb [ 304,
silly get cb   { server: 'CouchDB/1.1.0 (Erlang OTP/R14B03)',
silly get cb     etag: '"48BUOD20CZYWTG9I9PD028ZUC"',
silly get cb     date: 'Sat, 22 Oct 2011 18:20:22 GMT',
silly get cb     'content-length': '0' } ]
verbose etag cssom from cache
verbose GET cssom/0.2.0
verbose raw, before any munging cssom/0.2.0
verbose url resolving [ 'http://registry.npmjs.org/', './cssom/0.2.0' ]
verbose url resolved http://registry.npmjs.org/cssom/0.2.0
verbose url parsed { protocol: 'http:',
verbose url parsed   slashes: true,
verbose url parsed   host: 'registry.npmjs.org',
verbose url parsed   hostname: 'registry.npmjs.org',
verbose url parsed   pathname: '/cssom/0.2.0',
verbose url parsed   href: 'http://registry.npmjs.org/cssom/0.2.0' }
verbose etag "48BUOD20CZYWTG9I9PD028ZUC"
verbose response http://registry.npmjs.org/contextify
silly get cb [ 304,
silly get cb   { server: 'CouchDB/1.1.0 (Erlang OTP/R14B03)',
silly get cb     etag: '"8VQXZMXS50BFUSXTTA86MXDYT"',
silly get cb     date: 'Sat, 22 Oct 2011 18:20:22 GMT',
silly get cb     'content-length': '0' } ]
verbose etag contextify from cache
verbose GET contextify/0.0.6
verbose raw, before any munging contextify/0.0.6
verbose url resolving [ 'http://registry.npmjs.org/', './contextify/0.0.6' ]
verbose url resolved http://registry.npmjs.org/contextify/0.0.6
verbose url parsed { protocol: 'http:',
verbose url parsed   slashes: true,
verbose url parsed   host: 'registry.npmjs.org',
verbose url parsed   hostname: 'registry.npmjs.org',
verbose url parsed   pathname: '/contextify/0.0.6',
verbose url parsed   href: 'http://registry.npmjs.org/contextify/0.0.6' }
verbose etag "8VQXZMXS50BFUSXTTA86MXDYT"
verbose response http://registry.npmjs.org/request/2.1.1
silly get cb [ 304,
silly get cb   { server: 'CouchDB/1.1.0 (Erlang OTP/R14B03)',
silly get cb     etag: '"CESHFLQPUVKYZ1XW6UT3KTXWJ"',
silly get cb     date: 'Sat, 22 Oct 2011 18:20:22 GMT',
silly get cb     'content-length': '0' } ]
verbose etag request/2.1.1 from cache
verbose bin dist [ '0.4-sunos-5.11',
verbose bin dist   { shasum: '5570e0c737d656ebd6d1d3c80aa510d3cf86c6fa',
verbose bin dist     tarball: 'http://registry.npmjs.org/request/-/request-2.1.1.tgz' } ]
verbose response http://registry.npmjs.org/htmlparser/1.7.3
silly get cb [ 304,
silly get cb   { server: 'CouchDB/1.1.0 (Erlang OTP/R14B03)',
silly get cb     etag: '"D6IPSG93465GMAPMDJNSC837R"',
silly get cb     date: 'Sat, 22 Oct 2011 18:20:22 GMT',
silly get cb     'content-length': '0' } ]
verbose etag htmlparser/1.7.3 from cache
verbose bin dist [ '0.4-sunos-5.11',
verbose bin dist   { shasum: '67a98b21aeabbf2a8703bbdd4debe30f80f33217',
verbose bin dist     tarball: 'http://registry.npmjs.org/htmlparser/-/htmlparser-1.7.3.tgz' } ]
verbose response http://registry.npmjs.org/cssom/0.2.0
silly get cb [ 304,
silly get cb   { server: 'CouchDB/1.1.0 (Erlang OTP/R14B03)',
silly get cb     etag: '"48BUOD20CZYWTG9I9PD028ZUC"',
silly get cb     date: 'Sat, 22 Oct 2011 18:20:22 GMT',
silly get cb     'content-length': '0' } ]
verbose etag cssom/0.2.0 from cache
verbose bin dist [ '0.4-sunos-5.11',
verbose bin dist   { shasum: 'beae359be7ccba82daf9c4cb89252b497e563964',
verbose bin dist     tarball: 'http://registry.npmjs.org/cssom/-/cssom-0.2.0.tgz' } ]
verbose response http://registry.npmjs.org/contextify/0.0.6
silly get cb [ 304,
silly get cb   { server: 'CouchDB/1.1.0 (Erlang OTP/R14B03)',
silly get cb     etag: '"8VQXZMXS50BFUSXTTA86MXDYT"',
silly get cb     date: 'Sat, 22 Oct 2011 18:20:22 GMT',
silly get cb     'content-length': '0' } ]
verbose etag contextify/0.0.6 from cache
verbose bin dist [ '0.4-sunos-5.11',
verbose bin dist   { shasum: '1d373103c9000b93812783b8e1d1e1889b4a73de',
verbose bin dist     tarball: 'http://registry.npmjs.org/contextify/-/contextify-0.0.6.tgz' } ]
silly resolved [ { name: 'request',
silly resolved     description: 'Simplified HTTP request client.',
silly resolved     tags: [ 'http', 'simple', 'util', 'utility' ],
silly resolved     version: '2.1.1',
silly resolved     author: 
silly resolved      { name: 'Mikeal Rogers',
silly resolved        email: 'mikeal.rogers@gmail.com' },
silly resolved     repository: 
silly resolved      { type: 'git',
silly resolved        url: 'git://github.com/mikeal/request.git' },
silly resolved     bugs: { url: 'http://github.com/mikeal/request/issues' },
silly resolved     engines: [ 'node >= 0.3.6' ],
silly resolved     main: './main',
silly resolved     _npmJsonOpts: 
silly resolved      { file: '/Users/mikeal/.npm/request/2.1.1/package/package.json',
silly resolved        wscript: false,
silly resolved        contributors: false,
silly resolved        serverjs: false },
silly resolved     _id: 'request@2.1.1',
silly resolved     dependencies: {},
silly resolved     devDependencies: {},
silly resolved     _engineSupported: true,
silly resolved     _npmVersion: '1.0.24',
silly resolved     _nodeVersion: 'v0.4.10-pre',
silly resolved     _defaultsLoaded: true,
silly resolved     dist: 
silly resolved      { shasum: '5570e0c737d656ebd6d1d3c80aa510d3cf86c6fa',
silly resolved        tarball: 'http://registry.npmjs.org/request/-/request-2.1.1.tgz' },
silly resolved     scripts: {},
silly resolved     maintainers: [ { name: 'mikeal', email: 'mikeal.rogers@gmail.com' } ],
silly resolved     directories: {} },
silly resolved   { name: 'htmlparser',
silly resolved     description: 'Forgiving HTML/XML/RSS Parser in JS for *both* Node and Browsers',
silly resolved     version: '1.7.3',
silly resolved     author: 
silly resolved      { name: 'Chris Winberry',
silly resolved        email: 'chris@winberry.net' },
silly resolved     contributors: [],
silly resolved     repository: 
silly resolved      { type: 'git',
silly resolved        url: 'git://github.com/tautologistics/node-htmlparser.git' },
silly resolved     bugs: 
silly resolved      { email: 'chris@winberry.net',
silly resolved        url: 'http://github.com/tautologistics/node-htmlparser/issues' },
silly resolved     os: [ 'linux', 'darwin', 'freebsd', 'win32' ],
silly resolved     directories: { lib: './lib/' },
silly resolved     main: './lib/htmlparser',
silly resolved     engines: { node: '>=0.1.33' },
silly resolved     licenses: 
silly resolved      [ { type: 'MIT',
silly resolved          url: 'http://github.com/tautologistics/node-htmlparser/raw/master/LICENSE' } ],
silly resolved     _id: 'htmlparser@1.7.3',
silly resolved     _nodeSupported: true,
silly resolved     _npmVersion: '0.2.11',
silly resolved     _nodeVersion: 'v0.3.1',
silly resolved     dist: 
silly resolved      { shasum: '67a98b21aeabbf2a8703bbdd4debe30f80f33217',
silly resolved        tarball: 'http://registry.npmjs.org/htmlparser/-/htmlparser-1.7.3.tgz' } },
silly resolved   { name: 'cssom',
silly resolved     description: 'CSS Object Model implementation and CSS parser',
silly resolved     keywords: [ 'CSS', 'CSSOM', 'parser', 'styleSheet' ],
silly resolved     version: '0.2.0',
silly resolved     homepage: 'https://github.com/NV/CSSOM',
silly resolved     author: { name: 'Nikita Vasilyev', email: 'me@elv1s.ru' },
silly resolved     repository: { type: 'git', url: 'git://github.com/NV/CSSOM.git' },
silly resolved     bugs: { url: 'https://github.com/NV/CSSOM/issues' },
silly resolved     directories: { doc: './doc', lib: './lib', test: './test' },
silly resolved     main: './lib/index',
silly resolved     engines: { node: '>=0.2.0' },
silly resolved     licenses: 
silly resolved      [ { type: 'MIT',
silly resolved          url: 'http://creativecommons.org/licenses/MIT/' } ],
silly resolved     _id: 'cssom@0.2.0',
silly resolved     _engineSupported: true,
silly resolved     _npmVersion: '0.2.13-3',
silly resolved     _nodeVersion: 'v0.2.5',
silly resolved     dist: 
silly resolved      { shasum: 'beae359be7ccba82daf9c4cb89252b497e563964',
silly resolved        tarball: 'http://registry.npmjs.org/cssom/-/cssom-0.2.0.tgz' } },
silly resolved   { author: 
silly resolved      { name: 'Brian McDaniel',
silly resolved        email: 'brianmcd05@gmail.com' },
silly resolved     name: 'contextify',
silly resolved     description: 'Turn an object into a persistent execution context.',
silly resolved     keywords: [ 'context', 'vm' ],
silly resolved     version: '0.0.6',
silly resolved     repository: 
silly resolved      { type: 'git',
silly resolved        url: 'git://github.com/brianmcd/contextify.git' },
silly resolved     main: './lib/contextify.js',
silly resolved     directories: { lib: './lib' },
silly resolved     engines: { node: '>=0.4.0' },
silly resolved     licenses: 
silly resolved      [ { type: 'MIT',
silly resolved          url: 'http://github.com/brianmcd/contextify/blob/master/LICENSE.txt' } ],
silly resolved     dependencies: {},
silly resolved     devDependencies: { nodeunit: '>=0.5.x' },
silly resolved     _npmJsonOpts: 
silly resolved      { file: '/home/brianmcd/.npm/contextify/0.0.6/package/package.json',
silly resolved        contributors: false,
silly resolved        serverjs: false,
silly resolved        wscript: true },
silly resolved     _id: 'contextify@0.0.6',
silly resolved     scripts: { preinstall: 'node-waf clean || true; node-waf configure build' },
silly resolved     _engineSupported: true,
silly resolved     _npmVersion: '1.0.24',
silly resolved     _nodeVersion: 'v0.4.11',
silly resolved     _defaultsLoaded: true,
silly resolved     dist: 
silly resolved      { shasum: '1d373103c9000b93812783b8e1d1e1889b4a73de',
silly resolved        tarball: 'http://registry.npmjs.org/contextify/-/contextify-0.0.6.tgz' },
silly resolved     maintainers: [ { name: 'brianmcd', email: 'brianmcd05@gmail.com' } ] } ]
info (resolved) into /mnt/ws/users/ricklon/91725/node_modules/jsdom [ 'request@2.1.1',
info (resolved) into /mnt/ws/users/ricklon/91725/node_modules/jsdom   'htmlparser@1.7.3',
info (resolved) into /mnt/ws/users/ricklon/91725/node_modules/jsdom   'cssom@0.2.0',
info (resolved) into /mnt/ws/users/ricklon/91725/node_modules/jsdom   'contextify@0.0.6' ]
info installOne request@2.1.1
info installOne htmlparser@1.7.3
info installOne cssom@0.2.0
info installOne contextify@0.0.6
silly testEngine { name: 'htmlparser',
silly testEngine   description: 'Forgiving HTML/XML/RSS Parser in JS for *both* Node and Browsers',
silly testEngine   version: '1.7.3',
silly testEngine   author: 
silly testEngine    { name: 'Chris Winberry',
silly testEngine      email: 'chris@winberry.net' },
silly testEngine   contributors: [],
silly testEngine   repository: 
silly testEngine    { type: 'git',
silly testEngine      url: 'git://github.com/tautologistics/node-htmlparser.git' },
silly testEngine   bugs: 
silly testEngine    { email: 'chris@winberry.net',
silly testEngine      url: 'http://github.com/tautologistics/node-htmlparser/issues' },
silly testEngine   os: [ 'linux', 'darwin', 'freebsd', 'win32' ],
silly testEngine   directories: { lib: './lib/' },
silly testEngine   main: './lib/htmlparser',
silly testEngine   engines: { node: '>=0.1.33' },
silly testEngine   licenses: 
silly testEngine    [ { type: 'MIT',
silly testEngine        url: 'http://github.com/tautologistics/node-htmlparser/raw/master/LICENSE' } ],
silly testEngine   dependencies: {},
silly testEngine   devDependencies: {},
silly testEngine   _id: 'htmlparser@1.7.3',
silly testEngine   _engineSupported: true,
silly testEngine   _npmVersion: '1.0.1rc6',
silly testEngine   _nodeVersion: 'v0.4.5',
silly testEngine   _defaultsLoaded: true,
silly testEngine   dist: { shasum: '04f7115a5764a5554cfa425d0c7c03a27d0f44f7' } }
verbose caching /home/ide_ricklon/workspaces/npm_cache/htmlparser/1.7.3/package.json
silly testEngine { name: 'cssom',
silly testEngine   description: 'CSS Object Model implementation and CSS parser',
silly testEngine   keywords: [ 'CSS', 'CSSOM', 'parser', 'styleSheet' ],
silly testEngine   version: '0.2.0',
silly testEngine   homepage: 'https://github.com/NV/CSSOM',
silly testEngine   author: { name: 'Nikita Vasilyev', email: 'me@elv1s.ru' },
silly testEngine   repository: { type: 'git', url: 'git://github.com/NV/CSSOM.git' },
silly testEngine   bugs: { url: 'https://github.com/NV/CSSOM/issues' },
silly testEngine   directories: { doc: './doc', lib: './lib', test: './test' },
silly testEngine   main: './lib/index.js',
silly testEngine   engines: { node: '>=0.2.0' },
silly testEngine   licenses: 
silly testEngine    [ { type: 'MIT',
silly testEngine        url: 'http://creativecommons.org/licenses/MIT/' } ],
silly testEngine   dependencies: {},
silly testEngine   devDependencies: {},
silly testEngine   _id: 'cssom@0.2.0',
silly testEngine   _engineSupported: true,
silly testEngine   _npmVersion: '1.0.1rc6',
silly testEngine   _nodeVersion: 'v0.4.5',
silly testEngine   _defaultsLoaded: true,
silly testEngine   dist: { shasum: '06584fae3179dabb38996fb1854c352b3e35f859' } }
verbose caching /home/ide_ricklon/workspaces/npm_cache/cssom/0.2.0/package.json
silly testEngine { name: 'request',
silly testEngine   description: 'Simplified HTTP request client.',
silly testEngine   tags: [ 'http', 'simple', 'util', 'utility' ],
silly testEngine   version: '2.1.1',
silly testEngine   author: 
silly testEngine    { name: 'Mikeal Rogers',
silly testEngine      email: 'mikeal.rogers@gmail.com' },
silly testEngine   repository: 
silly testEngine    { type: 'git',
silly testEngine      url: 'git://github.com/mikeal/request.git' },
silly testEngine   bugs: { url: 'http://github.com/mikeal/request/issues' },
silly testEngine   engines: [ 'node >= 0.3.6', node: ' >= 0.3.6' ],
silly testEngine   main: './main',
silly testEngine   dependencies: {},
silly testEngine   devDependencies: {},
silly testEngine   _id: 'request@2.1.1',
silly testEngine   _engineSupported: true,
silly testEngine   _npmVersion: '1.0.1rc6',
silly testEngine   _nodeVersion: 'v0.4.5',
silly testEngine   _defaultsLoaded: true,
silly testEngine   dist: { shasum: '1d994ce47c5ab0f7890b314e8fb640ba4b219cd5' } }
verbose caching /home/ide_ricklon/workspaces/npm_cache/request/2.1.1/package.json
silly testEngine { author: 
silly testEngine    { name: 'Brian McDaniel',
silly testEngine      email: 'brianmcd05@gmail.com' },
silly testEngine   name: 'contextify',
silly testEngine   description: 'Turn an object into a persistent execution context.',
silly testEngine   keywords: [ 'context', 'vm' ],
silly testEngine   version: '0.0.6',
silly testEngine   repository: 
silly testEngine    { type: 'git',
silly testEngine      url: 'git://github.com/brianmcd/contextify.git' },
silly testEngine   main: './lib/contextify.js',
silly testEngine   directories: { lib: './lib' },
silly testEngine   engines: { node: '>=0.4.0' },
silly testEngine   licenses: 
silly testEngine    [ { type: 'MIT',
silly testEngine        url: 'http://github.com/brianmcd/contextify/blob/master/LICENSE.txt' } ],
silly testEngine   dependencies: {},
silly testEngine   devDependencies: { nodeunit: '>=0.5.x' },
silly testEngine   scripts: { preinstall: 'node-waf clean || true; node-waf configure build' },
silly testEngine   _id: 'contextify@0.0.6',
silly testEngine   _engineSupported: true,
silly testEngine   _npmVersion: '1.0.1rc6',
silly testEngine   _nodeVersion: 'v0.4.5',
silly testEngine   _defaultsLoaded: true,
silly testEngine   dist: { shasum: 'ac5e7b36f4d431894d630bf2ccd804d5fd9fbf20' } }
verbose caching /home/ide_ricklon/workspaces/npm_cache/contextify/0.0.6/package.json
verbose mkdir done: /mnt/ws/users/ricklon/91725/node_modules/jsdom/node_modules/___cssom.npm
verbose mkdir done: /mnt/ws/users/ricklon/91725/node_modules/jsdom/node_modules/___request.npm
verbose mkdir done: /mnt/ws/users/ricklon/91725/node_modules/jsdom/node_modules/___contextify.npm
verbose mkdir done: /mnt/ws/users/ricklon/91725/node_modules/jsdom/node_modules/___htmlparser.npm
verbose unpack_ uid, gid [ undefined, undefined ]
verbose unpackTarget /mnt/ws/users/ricklon/91725/node_modules/jsdom/node_modules/request
verbose unpack_ uid, gid [ undefined, undefined ]
verbose unpackTarget /mnt/ws/users/ricklon/91725/node_modules/jsdom/node_modules/cssom
verbose unpack_ uid, gid [ undefined, undefined ]
verbose unpackTarget /mnt/ws/users/ricklon/91725/node_modules/jsdom/node_modules/contextify
verbose unpack_ uid, gid [ undefined, undefined ]
verbose unpackTarget /mnt/ws/users/ricklon/91725/node_modules/jsdom/node_modules/htmlparser
verbose success gzip "--decompress" "--stdout" "/home/ide_ricklon/workspaces/npm_cache/contextify/0.0.6/package.tgz"
verbose success gzip "--decompress" "--stdout" "/home/ide_ricklon/workspaces/npm_cache/request/2.1.1/package.tgz"
verbose success /opt/local/bin/gtar "-mvxpf" "-" "--no-same-owner" "-C" "/mnt/ws/users/ricklon/91725/node_modules/jsdom/node_modules/___contextify.npm"
verbose gunzed /mnt/ws/users/ricklon/91725/node_modules/jsdom/node_modules/___contextify.npm/package
verbose rm'ed /mnt/ws/users/ricklon/91725/node_modules/jsdom/node_modules/contextify
verbose renamed [ '/mnt/ws/users/ricklon/91725/node_modules/jsdom/node_modules/___contextify.npm/package',
verbose renamed   '/mnt/ws/users/ricklon/91725/node_modules/jsdom/node_modules/contextify' ]
verbose rm'ed /mnt/ws/users/ricklon/91725/node_modules/jsdom/node_modules/___contextify.npm
verbose success /opt/local/bin/gtar "-mvxpf" "-" "--no-same-owner" "-C" "/mnt/ws/users/ricklon/91725/node_modules/jsdom/node_modules/___request.npm"
verbose has wscript [ undefined,
verbose has wscript   { file: '/mnt/ws/users/ricklon/91725/node_modules/jsdom/node_modules/contextify/package.json',
verbose has wscript     wscript: 
verbose has wscript      [ '\ndef configure',
verbose has wscript        '\n',
verbose has wscript        index: 113,
verbose has wscript        input: 'import Options\nimport os\nimport sys\n\nVERSION = \'0.0.5\'\n\ndef set_options(opt):\n  opt.tool_options("compiler_cxx")\n\ndef configure(conf):\n  conf.check_tool("compiler_cxx")\n  conf.check_tool("node_addon")\n  conf.env.set_variant("Release")\n\ndef build(bld):\n  obj = bld.new_task_gen("cxx", "shlib", "node_addon")\n  obj.target = "contextify"\n  obj.source = "src/contextify.cc"\n' ] } ]
silly testEngine { author: 
silly testEngine    { name: 'Brian McDaniel',
silly testEngine      email: 'brianmcd05@gmail.com' },
silly testEngine   name: 'contextify',
silly testEngine   description: 'Turn an object into a persistent execution context.',
silly testEngine   keywords: [ 'context', 'vm' ],
silly testEngine   version: '0.0.6',
silly testEngine   repository: 
silly testEngine    { type: 'git',
silly testEngine      url: 'git://github.com/brianmcd/contextify.git' },
silly testEngine   main: './lib/contextify.js',
silly testEngine   directories: { lib: './lib' },
silly testEngine   engines: { node: '>=0.4.0' },
silly testEngine   licenses: 
silly testEngine    [ { type: 'MIT',
silly testEngine        url: 'http://github.com/brianmcd/contextify/blob/master/LICENSE.txt' } ],
silly testEngine   dependencies: {},
silly testEngine   devDependencies: { nodeunit: '>=0.5.x' },
silly testEngine   scripts: { preinstall: 'node-waf clean || true; node-waf configure build' },
silly testEngine   _id: 'contextify@0.0.6',
silly testEngine   _engineSupported: true,
silly testEngine   _npmVersion: '1.0.1rc6',
silly testEngine   _nodeVersion: 'v0.4.5',
silly testEngine   _defaultsLoaded: true }
verbose caching /mnt/ws/users/ricklon/91725/node_modules/jsdom/node_modules/contextify/package.json
verbose loadDefaults contextify@0.0.6
info into /mnt/ws/users/ricklon/91725/node_modules/jsdom/node_modules/contextify []
silly resolved []
info (resolved) into /mnt/ws/users/ricklon/91725/node_modules/jsdom/node_modules/contextify []
verbose about to build /mnt/ws/users/ricklon/91725/node_modules/jsdom/node_modules/contextify
info build /mnt/ws/users/ricklon/91725/node_modules/jsdom/node_modules/contextify
verbose from cache /mnt/ws/users/ricklon/91725/node_modules/jsdom/node_modules/contextify/package.json
info preinstall contextify@0.0.6
verbose unsafe-perm in lifecycle true
verbose gunzed /mnt/ws/users/ricklon/91725/node_modules/jsdom/node_modules/___request.npm/package
silly exec sh "-c" "node-waf clean || true; node-waf configure build"
verbose rm'ed /mnt/ws/users/ricklon/91725/node_modules/jsdom/node_modules/request
verbose renamed [ '/mnt/ws/users/ricklon/91725/node_modules/jsdom/node_modules/___request.npm/package',
verbose renamed   '/mnt/ws/users/ricklon/91725/node_modules/jsdom/node_modules/request' ]
verbose rm'ed /mnt/ws/users/ricklon/91725/node_modules/jsdom/node_modules/___request.npm
silly testEngine { name: 'request',
silly testEngine   description: 'Simplified HTTP request client.',
silly testEngine   tags: [ 'http', 'simple', 'util', 'utility' ],
silly testEngine   version: '2.1.1',
silly testEngine   author: 
silly testEngine    { name: 'Mikeal Rogers',
silly testEngine      email: 'mikeal.rogers@gmail.com' },
silly testEngine   repository: 
silly testEngine    { type: 'git',
silly testEngine      url: 'git://github.com/mikeal/request.git' },
silly testEngine   bugs: { url: 'http://github.com/mikeal/request/issues' },
silly testEngine   engines: [ 'node >= 0.3.6', node: ' >= 0.3.6' ],
silly testEngine   main: './main',
silly testEngine   dependencies: {},
silly testEngine   devDependencies: {},
silly testEngine   _id: 'request@2.1.1',
silly testEngine   _engineSupported: true,
silly testEngine   _npmVersion: '1.0.1rc6',
silly testEngine   _nodeVersion: 'v0.4.5',
silly testEngine   _defaultsLoaded: true }
verbose caching /mnt/ws/users/ricklon/91725/node_modules/jsdom/node_modules/request/package.json
verbose loadDefaults request@2.1.1
info into /mnt/ws/users/ricklon/91725/node_modules/jsdom/node_modules/request []
silly resolved []
info (resolved) into /mnt/ws/users/ricklon/91725/node_modules/jsdom/node_modules/request []
verbose about to build /mnt/ws/users/ricklon/91725/node_modules/jsdom/node_modules/request
info build /mnt/ws/users/ricklon/91725/node_modules/jsdom/node_modules/request
verbose from cache /mnt/ws/users/ricklon/91725/node_modules/jsdom/node_modules/request/package.json
info preinstall request@2.1.1
verbose linkStuff [ false,
verbose linkStuff   false,
verbose linkStuff   false,
verbose linkStuff   '/mnt/ws/users/ricklon/91725/node_modules/jsdom/node_modules' ]
info linkStuff request@2.1.1
info linkBins request@2.1.1
info linkMans request@2.1.1
info rebuildBundles request@2.1.1
verbose rebuildBundles [ { stack: [Getter/Setter],
verbose rebuildBundles     arguments: undefined,
verbose rebuildBundles     type: undefined,
verbose rebuildBundles     message: 'ENOENT, No such file or directory',
verbose rebuildBundles     errno: 2,
verbose rebuildBundles     code: 'ENOENT' },
verbose rebuildBundles   undefined ]
info install request@2.1.1
info postinstall request@2.1.1
info installOne cb request@2.1.1
info contextify@0.0.6 Failed to exec preinstall script
ERR! error installing contextify@0.0.6 { stack: [Getter/Setter],
ERR! error installing contextify@0.0.6   arguments: undefined,
ERR! error installing contextify@0.0.6   type: undefined,
ERR! error installing contextify@0.0.6   message: 'contextify@0.0.6 preinstall: `node-waf clean || true; node-waf configure build`\n`sh "-c" "node-waf clean || true; node-waf configure build"` failed with 127',
ERR! error installing contextify@0.0.6   errno: {},
ERR! error installing contextify@0.0.6   pkgid: 'contextify@0.0.6',
ERR! error installing contextify@0.0.6   stage: 'preinstall',
ERR! error installing contextify@0.0.6   script: 'node-waf clean || true; node-waf configure build',
ERR! error installing contextify@0.0.6   pkgname: 'contextify' }
verbose from cache /mnt/ws/users/ricklon/91725/node_modules/jsdom/node_modules/contextify/package.json
info preuninstall contextify@0.0.6
info uninstall contextify@0.0.6
info unbuild contextify@0.0.6 [ false,
info unbuild contextify@0.0.6   '/home/ide_ricklon/workspaces/npm_global/node_modules',
info unbuild contextify@0.0.6   '/mnt/ws/users/ricklon/91725/node_modules/jsdom/node_modules' ]
info postuninstall contextify@0.0.6
info installOne cb contextify@0.0.6
verbose about to build /mnt/ws/users/ricklon/91725/node_modules/jsdom
ERR! error installing jsdom@0.2.8 { stack: [Getter/Setter],
ERR! error installing jsdom@0.2.8   arguments: undefined,
ERR! error installing jsdom@0.2.8   type: undefined,
ERR! error installing jsdom@0.2.8   message: 'contextify@0.0.6 preinstall: `node-waf clean || true; node-waf configure build`\n`sh "-c" "node-waf clean || true; node-waf configure build"` failed with 127',
ERR! error installing jsdom@0.2.8   errno: {},
ERR! error installing jsdom@0.2.8   pkgid: 'contextify@0.0.6',
ERR! error installing jsdom@0.2.8   stage: 'preinstall',
ERR! error installing jsdom@0.2.8   script: 'node-waf clean || true; node-waf configure build',
ERR! error installing jsdom@0.2.8   pkgname: 'contextify' }
verbose from cache /mnt/ws/users/ricklon/91725/node_modules/jsdom/package.json
info preuninstall jsdom@0.2.8
info uninstall jsdom@0.2.8
info unbuild jsdom@0.2.8 [ false,
info unbuild jsdom@0.2.8   '/home/ide_ricklon/workspaces/npm_global/node_modules',
info unbuild jsdom@0.2.8   '/mnt/ws/users/ricklon/91725/node_modules' ]
info postuninstall jsdom@0.2.8
verbose success gzip "--decompress" "--stdout" "/home/ide_ricklon/workspaces/npm_cache/cssom/0.2.0/package.tgz"
verbose success /opt/local/bin/gtar "-mvxpf" "-" "--no-same-owner" "-C" "/mnt/ws/users/ricklon/91725/node_modules/jsdom/node_modules/___cssom.npm"
ERR! error installing cssom@0.2.0 { stack: [Getter/Setter],
ERR! error installing cssom@0.2.0   arguments: undefined,
ERR! error installing cssom@0.2.0   type: undefined,
ERR! error installing cssom@0.2.0   message: 'ENOENT, No such file or directory \'/mnt/ws/users/ricklon/91725/node_modules/jsdom/node_modules/___cssom.npm/package/test/fixtures/\'',
ERR! error installing cssom@0.2.0   errno: 2,
ERR! error installing cssom@0.2.0   code: 'ENOENT',
ERR! error installing cssom@0.2.0   path: '/mnt/ws/users/ricklon/91725/node_modules/jsdom/node_modules/___cssom.npm/package/test/fixtures/' }
info installOne cb cssom@0.2.0
verbose success gzip "--decompress" "--stdout" "/home/ide_ricklon/workspaces/npm_cache/htmlparser/1.7.3/package.tgz"
verbose success /opt/local/bin/gtar "-mvxpf" "-" "--no-same-owner" "-C" "/mnt/ws/users/ricklon/91725/node_modules/jsdom/node_modules/___htmlparser.npm"
verbose gunzed /mnt/ws/users/ricklon/91725/node_modules/jsdom/node_modules/___htmlparser.npm/package
verbose rm'ed /mnt/ws/users/ricklon/91725/node_modules/jsdom/node_modules/htmlparser
verbose renamed [ '/mnt/ws/users/ricklon/91725/node_modules/jsdom/node_modules/___htmlparser.npm/package',
verbose renamed   '/mnt/ws/users/ricklon/91725/node_modules/jsdom/node_modules/htmlparser' ]
verbose rm'ed /mnt/ws/users/ricklon/91725/node_modules/jsdom/node_modules/___htmlparser.npm
ERR! error rolling back jsdom@0.2.8 { stack: [Getter/Setter],
ERR! error rolling back jsdom@0.2.8   arguments: undefined,
ERR! error rolling back jsdom@0.2.8   type: undefined,
ERR! error rolling back jsdom@0.2.8   message: 'EEXIST, File exists \'/mnt/ws/users/ricklon/91725/node_modules/jsdom\'',
ERR! error rolling back jsdom@0.2.8   errno: 17,
ERR! error rolling back jsdom@0.2.8   code: 'EEXIST',
ERR! error rolling back jsdom@0.2.8   path: '/mnt/ws/users/ricklon/91725/node_modules/jsdom' }
info installOne cb jsdom@0.2.8
ERR! contextify@0.0.6 preinstall: `node-waf clean || true; node-waf configure build`
ERR! `sh "-c" "node-waf clean || true; node-waf configure build"` failed with 127
ERR! 
ERR! Failed at the contextify@0.0.6 preinstall script.
ERR! This is most likely a problem with the contextify package,
ERR! not with npm itself.
ERR! Tell the author that this fails on your system:
ERR!     node-waf clean || true; node-waf configure build
ERR! You can get their info via:
ERR!     npm owner ls contextify
ERR! There is likely additional logging output above.
ERR! 
ERR! System SunOS 5.11
ERR! command "/home/cloud9/c9/support/node-c9-builds-v4/node-c9-sunos" "/home/ide_ricklon/workspaces/npm/bin/npm.js" "install" "jsdom"
verbose exit [ 1, true ]
